MessagingService/Application/build/outputs/mapping/release/mapping.txt
android.support.v4.app.NotificationBuilderWithBuilderAccessor -> a.a.a.a.e:
    android.app.Notification$Builder getBuilder() -> a
android.support.v4.app.NotificationCompat -> a.a.a.a.f:
    android.support.v4.app.NotificationCompat$NotificationCompatImpl IMPL -> a
    void addActionsToBuilder(android.support.v4.app.NotificationBuilderWithActions,java.util.ArrayList) -> b
    void addStyleToBuilderJellybean(android.support.v4.app.NotificationBuilderWithBuilderAccessor,android.support.v4.app.NotificationCompat$Style) -> b
    android.os.Bundle getExtras(android.app.Notification) -> a
    void access$000(android.support.v4.app.NotificationBuilderWithActions,java.util.ArrayList) -> a
    void access$100(android.support.v4.app.NotificationBuilderWithBuilderAccessor,android.support.v4.app.NotificationCompat$Style) -> a
    android.support.v4.app.NotificationCompat$NotificationCompatImpl access$200() -> a
android.support.v4.app.NotificationCompat$Action -> a.a.a.a.g:
    android.os.Bundle mExtras -> e
    android.support.v4.app.RemoteInput[] mRemoteInputs -> f
    int icon -> a
    java.lang.CharSequence title -> b
    android.app.PendingIntent actionIntent -> c
    android.support.v4.app.NotificationCompatBase$Action$Factory FACTORY -> d
    int getIcon() -> a
    java.lang.CharSequence getTitle() -> b
    android.app.PendingIntent getActionIntent() -> c
    android.os.Bundle getExtras() -> d
    android.support.v4.app.RemoteInput[] getRemoteInputs() -> e
    android.support.v4.app.RemoteInputCompatBase$RemoteInput[] getRemoteInputs() -> f
android.support.v4.app.NotificationCompat$Action$1 -> a.a.a.a.h:
android.support.v4.app.NotificationCompat$BigPictureStyle -> a.a.a.a.i:
    android.graphics.Bitmap mPicture -> a
    android.graphics.Bitmap mBigLargeIcon -> b
    boolean mBigLargeIconSet -> c
android.support.v4.app.NotificationCompat$BigTextStyle -> a.a.a.a.j:
    java.lang.CharSequence mBigText -> a
android.support.v4.app.NotificationCompat$Builder -> a.a.a.a.k:
    android.content.Context mContext -> a
    java.lang.CharSequence mContentTitle -> b
    java.lang.CharSequence mContentText -> c
    android.app.PendingIntent mContentIntent -> d
    android.app.PendingIntent mFullScreenIntent -> e
    android.widget.RemoteViews mTickerView -> f
    android.graphics.Bitmap mLargeIcon -> g
    java.lang.CharSequence mContentInfo -> h
    int mNumber -> i
    int mPriority -> j
    boolean mShowWhen -> k
    boolean mUseChronometer -> l
    android.support.v4.app.NotificationCompat$Style mStyle -> m
    java.lang.CharSequence mSubText -> n
    int mProgressMax -> o
    int mProgress -> p
    boolean mProgressIndeterminate -> q
    java.lang.String mGroupKey -> r
    boolean mGroupSummary -> s
    java.lang.String mSortKey -> t
    java.util.ArrayList mActions -> u
    boolean mLocalOnly -> v
    java.lang.String mCategory -> w
    android.os.Bundle mExtras -> x
    int mColor -> y
    int mVisibility -> z
    android.app.Notification mPublicVersion -> A
    android.app.Notification mNotification -> B
    java.util.ArrayList mPeople -> C
    android.support.v4.app.NotificationCompat$Builder setWhen(long) -> a
    android.support.v4.app.NotificationCompat$Builder setSmallIcon(int) -> a
    android.support.v4.app.NotificationCompat$Builder setContentTitle(java.lang.CharSequence) -> a
    android.support.v4.app.NotificationCompat$Builder setContentText(java.lang.CharSequence) -> b