MessagingService/Application/build/outputs/mapping/release/usage.txt
android.support.v4.view.accessibility.AccessibilityNodeProviderCompat
android.support.v4.view.accessibility.AccessibilityNodeProviderCompat$AccessibilityNodeProviderImpl
android.support.v4.view.accessibility.AccessibilityNodeProviderCompat$AccessibilityNodeProviderJellyBeanImpl
android.support.v4.view.accessibility.AccessibilityNodeProviderCompat$AccessibilityNodeProviderJellyBeanImpl$1
android.support.v4.view.accessibility.AccessibilityNodeProviderCompat$AccessibilityNodeProviderKitKatImpl
android.support.v4.view.accessibility.AccessibilityNodeProviderCompat$AccessibilityNodeProviderKitKatImpl$1
android.support.v4.view.accessibility.AccessibilityNodeProviderCompat$AccessibilityNodeProviderStubImpl
android.support.v4.view.accessibility.AccessibilityNodeProviderCompatJellyBean
android.support.v4.view.accessibility.AccessibilityNodeProviderCompatJellyBean$1
android.support.v4.view.accessibility.AccessibilityNodeProviderCompatJellyBean$AccessibilityNodeInfoBridge
android.support.v4.view.accessibility.AccessibilityNodeProviderCompatKitKat
android.support.v4.view.accessibility.AccessibilityNodeProviderCompatKitKat$1
android.support.v4.view.accessibility.AccessibilityNodeProviderCompatKitKat$AccessibilityNodeInfoBridge
android.support.v4.view.accessibility.AccessibilityRecordCompat
android.support.v4.view.accessibility.AccessibilityRecordCompat$AccessibilityRecordIcsImpl
android.support.v4.view.accessibility.AccessibilityRecordCompat$AccessibilityRecordIcsMr1Impl
android.support.v4.view.accessibility.AccessibilityRecordCompat$AccessibilityRecordImpl
android.support.v4.view.accessibility.AccessibilityRecordCompat$AccessibilityRecordJellyBeanImpl
android.support.v4.view.accessibility.AccessibilityRecordCompat$AccessibilityRecordStubImpl
android.support.v4.view.accessibility.AccessibilityRecordCompatIcs
android.support.v4.view.accessibility.AccessibilityRecordCompatIcsMr1
android.support.v4.view.accessibility.AccessibilityRecordCompatJellyBean
android.support.v4.widget.AutoScrollHelper
android.support.v4.widget.AutoScrollHelper$1
android.support.v4.widget.AutoScrollHelper$ClampedScroller
android.support.v4.widget.AutoScrollHelper$ScrollAnimationRunnable
android.support.v4.widget.BakedBezierInterpolator
android.support.v4.widget.CircleImageView
android.support.v4.widget.CircleImageView$OvalShadow
android.support.v4.widget.ContentLoadingProgressBar
android.support.v4.widget.ContentLoadingProgressBar$1
android.support.v4.widget.ContentLoadingProgressBar$2
android.support.v4.widget.CursorAdapter
android.support.v4.widget.CursorAdapter$1
android.support.v4.widget.CursorAdapter$ChangeObserver
android.support.v4.widget.CursorAdapter$MyDataSetObserver
android.support.v4.widget.CursorFilter
android.support.v4.widget.CursorFilter$CursorFilterClient
android.support.v4.widget.DrawerLayout
android.support.v4.widget.DrawerLayout$AccessibilityDelegate
android.support.v4.widget.DrawerLayout$ChildAccessibilityDelegate
android.support.v4.widget.DrawerLayout$DrawerLayoutCompatImpl
android.support.v4.widget.DrawerLayout$DrawerLayoutCompatImplApi21
android.support.v4.widget.DrawerLayout$DrawerLayoutCompatImplBase
android.support.v4.widget.DrawerLayout$DrawerListener
android.support.v4.widget.DrawerLayout$EdgeGravity
android.support.v4.widget.DrawerLayout$LayoutParams
android.support.v4.widget.DrawerLayout$LockMode
android.support.v4.widget.DrawerLayout$SavedState
android.support.v4.widget.DrawerLayout$SavedState$1
android.support.v4.widget.DrawerLayout$SimpleDrawerListener
android.support.v4.widget.DrawerLayout$State
android.support.v4.widget.DrawerLayout$ViewDragCallback
android.support.v4.widget.DrawerLayout$ViewDragCallback$1
android.support.v4.widget.DrawerLayoutCompatApi21
android.support.v4.widget.DrawerLayoutCompatApi21$InsetsListener
android.support.v4.widget.DrawerLayoutImpl
android.support.v4.widget.EdgeEffectCompat
android.support.v4.widget.EdgeEffectCompat$BaseEdgeEffectImpl
android.support.v4.widget.EdgeEffectCompat$EdgeEffectIcsImpl